Build started 8/29/2012 4:57:28 PM.
     1>Project "C:\Users\jvmilazz\Documents\ASU\CSE 470 - Computer Graphics\Assignment 0\assignment0\assignment0\assignment0.vcxproj" on node 2 (build target(s)).
     1>InitializeBuildStatus:
         Touching "Release\assignment0.unsuccessfulbuild".
       ClCompile:
         c:\Program Files (x86)\Microsoft Visual Studio 10.0\VC\bin\CL.exe /c /Zi /nologo /W3 /WX- /O2 /Oi /Oy- /GL /D WIN32 /D NDEBUG /D _CONSOLE /D _UNICODE /D UNICODE /Gm- /EHsc /MD /GS /Gy /fp:precise /Zc:wchar_t /Zc:forScope /Fo"Release\\" /Fd"Release\vc100.pdb" /Gd /TC /analyze- /errorReport:prompt basics.c
         basics.c
     1>basics.c(138): warning C4113: 'void (__cdecl *)()' differs in parameter lists from 'void (__cdecl *)(void)'
       Link:
         c:\Program Files (x86)\Microsoft Visual Studio 10.0\VC\bin\link.exe /ERRORREPORT:PROMPT /OUT:"C:\Users\jvmilazz\Documents\ASU\CSE 470 - Computer Graphics\Assignment 0\assignment0\Release\assignment0.exe" /INCREMENTAL:NO /NOLOGO kernel32.lib user32.lib gdi32.lib winspool.lib comdlg32.lib advapi32.lib shell32.lib ole32.lib oleaut32.lib uuid.lib odbc32.lib odbccp32.lib /MANIFEST /ManifestFile:"Release\assignment0.exe.intermediate.manifest" /MANIFESTUAC:"level='asInvoker' uiAccess='false'" /DEBUG /PDB:"C:\Users\jvmilazz\Documents\ASU\CSE 470 - Computer Graphics\Assignment 0\assignment0\Release\assignment0.pdb" /SUBSYSTEM:CONSOLE /OPT:REF /OPT:ICF /LTCG /TLBID:1 /DYNAMICBASE /NXCOMPAT /IMPLIB:"C:\Users\jvmilazz\Documents\ASU\CSE 470 - Computer Graphics\Assignment 0\assignment0\Release\assignment0.lib" /MACHINE:X86 Release\basics.obj
         Generating code
         Finished generating code
         assignment0.vcxproj -> C:\Users\jvmilazz\Documents\ASU\CSE 470 - Computer Graphics\Assignment 0\assignment0\Release\assignment0.exe
       Manifest:
         C:\Program Files (x86)\Microsoft SDKs\Windows\v7.0A\bin\mt.exe /nologo /verbose /outputresource:"C:\Users\jvmilazz\Documents\ASU\CSE 470 - Computer Graphics\Assignment 0\assignment0\Release\assignment0.exe;#1" /manifest Release\assignment0.exe.intermediate.manifest
       FinalizeBuildStatus:
         Deleting file "Release\assignment0.unsuccessfulbuild".
         Touching "Release\assignment0.lastbuildstate".
     1>Done Building Project "C:\Users\jvmilazz\Documents\ASU\CSE 470 - Computer Graphics\Assignment 0\assignment0\assignment0\assignment0.vcxproj" (build target(s)).

Build succeeded.

Time Elapsed 00:00:00.44
