C:\USERS\JVMILAZZ\DOCUMENTS\ASU\CSE 470 - COMPUTER GRAPHICS\ASSIGNMENT3\ASSIGNMENT3\DEBUG\ASSIGNMENT3.EXE.EMBED.MANIFEST
C:\USERS\JVMILAZZ\DOCUMENTS\ASU\CSE 470 - COMPUTER GRAPHICS\ASSIGNMENT3\ASSIGNMENT3\DEBUG\ASSIGNMENT3.EXE.EMBED.MANIFEST.RES
C:\USERS\JVMILAZZ\DOCUMENTS\ASU\CSE 470 - COMPUTER GRAPHICS\ASSIGNMENT3\ASSIGNMENT3\DEBUG\ASSIGNMENT3.EXE.INTERMEDIATE.MANIFEST
C:\Users\jvmilazz\Documents\ASU\CSE 470 - Computer Graphics\Assignment3\Assignment3\Debug\Assignment3_manifest.rc
C:\USERS\JVMILAZZ\DOCUMENTS\ASU\CSE 470 - COMPUTER GRAPHICS\ASSIGNMENT3\ASSIGNMENT3\DEBUG\BASICS.OBJ
C:\USERS\JVMILAZZ\DOCUMENTS\ASU\CSE 470 - COMPUTER GRAPHICS\ASSIGNMENT3\ASSIGNMENT3\DEBUG\CANNON.OBJ
C:\Users\jvmilazz\Documents\ASU\CSE 470 - Computer Graphics\Assignment3\Assignment3\Debug\cl.command.1.tlog
C:\Users\jvmilazz\Documents\ASU\CSE 470 - Computer Graphics\Assignment3\Assignment3\Debug\CL.read.1.tlog
C:\Users\jvmilazz\Documents\ASU\CSE 470 - Computer Graphics\Assignment3\Assignment3\Debug\CL.write.1.tlog
C:\USERS\JVMILAZZ\DOCUMENTS\ASU\CSE 470 - COMPUTER GRAPHICS\ASSIGNMENT3\ASSIGNMENT3\DEBUG\DRAWING_FUNCS.OBJ
C:\USERS\JVMILAZZ\DOCUMENTS\ASU\CSE 470 - COMPUTER GRAPHICS\ASSIGNMENT3\ASSIGNMENT3\DEBUG\ENTITY.OBJ
C:\Users\jvmilazz\Documents\ASU\CSE 470 - Computer Graphics\Assignment3\Assignment3\Debug\link.1736.read.1.tlog
C:\Users\jvmilazz\Documents\ASU\CSE 470 - Computer Graphics\Assignment3\Assignment3\Debug\link.1736.write.1.tlog
C:\Users\jvmilazz\Documents\ASU\CSE 470 - Computer Graphics\Assignment3\Assignment3\Debug\link.1736-cvtres.read.1.tlog
C:\Users\jvmilazz\Documents\ASU\CSE 470 - Computer Graphics\Assignment3\Assignment3\Debug\link.1736-cvtres.write.1.tlog
C:\Users\jvmilazz\Documents\ASU\CSE 470 - Computer Graphics\Assignment3\Assignment3\Debug\link.2264.read.1.tlog
C:\Users\jvmilazz\Documents\ASU\CSE 470 - Computer Graphics\Assignment3\Assignment3\Debug\link.2264.write.1.tlog
C:\Users\jvmilazz\Documents\ASU\CSE 470 - Computer Graphics\Assignment3\Assignment3\Debug\link.2264-cvtres.read.1.tlog
C:\Users\jvmilazz\Documents\ASU\CSE 470 - Computer Graphics\Assignment3\Assignment3\Debug\link.2264-cvtres.write.1.tlog
C:\Users\jvmilazz\Documents\ASU\CSE 470 - Computer Graphics\Assignment3\Assignment3\Debug\link.2316.read.1.tlog
C:\Users\jvmilazz\Documents\ASU\CSE 470 - Computer Graphics\Assignment3\Assignment3\Debug\link.2316.write.1.tlog
C:\Users\jvmilazz\Documents\ASU\CSE 470 - Computer Graphics\Assignment3\Assignment3\Debug\link.2316-cvtres.read.1.tlog
C:\Users\jvmilazz\Documents\ASU\CSE 470 - Computer Graphics\Assignment3\Assignment3\Debug\link.2316-cvtres.write.1.tlog
C:\Users\jvmilazz\Documents\ASU\CSE 470 - Computer Graphics\Assignment3\Assignment3\Debug\link.2348.read.1.tlog
C:\Users\jvmilazz\Documents\ASU\CSE 470 - Computer Graphics\Assignment3\Assignment3\Debug\link.2348.write.1.tlog
C:\Users\jvmilazz\Documents\ASU\CSE 470 - Computer Graphics\Assignment3\Assignment3\Debug\link.2348-cvtres.read.1.tlog
C:\Users\jvmilazz\Documents\ASU\CSE 470 - Computer Graphics\Assignment3\Assignment3\Debug\link.2348-cvtres.write.1.tlog
C:\Users\jvmilazz\Documents\ASU\CSE 470 - Computer Graphics\Assignment3\Assignment3\Debug\link.3052.read.1.tlog
C:\Users\jvmilazz\Documents\ASU\CSE 470 - Computer Graphics\Assignment3\Assignment3\Debug\link.3052.write.1.tlog
C:\Users\jvmilazz\Documents\ASU\CSE 470 - Computer Graphics\Assignment3\Assignment3\Debug\link.3052-cvtres.read.1.tlog
C:\Users\jvmilazz\Documents\ASU\CSE 470 - Computer Graphics\Assignment3\Assignment3\Debug\link.3052-cvtres.write.1.tlog
C:\Users\jvmilazz\Documents\ASU\CSE 470 - Computer Graphics\Assignment3\Assignment3\Debug\link.3088.read.1.tlog
C:\Users\jvmilazz\Documents\ASU\CSE 470 - Computer Graphics\Assignment3\Assignment3\Debug\link.3088.write.1.tlog
C:\Users\jvmilazz\Documents\ASU\CSE 470 - Computer Graphics\Assignment3\Assignment3\Debug\link.3088-cvtres.read.1.tlog
C:\Users\jvmilazz\Documents\ASU\CSE 470 - Computer Graphics\Assignment3\Assignment3\Debug\link.3088-cvtres.write.1.tlog
C:\Users\jvmilazz\Documents\ASU\CSE 470 - Computer Graphics\Assignment3\Assignment3\Debug\link.3148.read.1.tlog
C:\Users\jvmilazz\Documents\ASU\CSE 470 - Computer Graphics\Assignment3\Assignment3\Debug\link.3148.write.1.tlog
C:\Users\jvmilazz\Documents\ASU\CSE 470 - Computer Graphics\Assignment3\Assignment3\Debug\link.3148-cvtres.read.1.tlog
C:\Users\jvmilazz\Documents\ASU\CSE 470 - Computer Graphics\Assignment3\Assignment3\Debug\link.3148-cvtres.write.1.tlog
C:\Users\jvmilazz\Documents\ASU\CSE 470 - Computer Graphics\Assignment3\Assignment3\Debug\link.4892.read.1.tlog
C:\Users\jvmilazz\Documents\ASU\CSE 470 - Computer Graphics\Assignment3\Assignment3\Debug\link.4892.write.1.tlog
C:\Users\jvmilazz\Documents\ASU\CSE 470 - Computer Graphics\Assignment3\Assignment3\Debug\link.4892-cvtres.read.1.tlog
C:\Users\jvmilazz\Documents\ASU\CSE 470 - Computer Graphics\Assignment3\Assignment3\Debug\link.4892-cvtres.write.1.tlog
C:\Users\jvmilazz\Documents\ASU\CSE 470 - Computer Graphics\Assignment3\Assignment3\Debug\link.4960.read.1.tlog
C:\Users\jvmilazz\Documents\ASU\CSE 470 - Computer Graphics\Assignment3\Assignment3\Debug\link.4960.write.1.tlog
C:\Users\jvmilazz\Documents\ASU\CSE 470 - Computer Graphics\Assignment3\Assignment3\Debug\link.4960-cvtres.read.1.tlog
C:\Users\jvmilazz\Documents\ASU\CSE 470 - Computer Graphics\Assignment3\Assignment3\Debug\link.4960-cvtres.write.1.tlog
C:\Users\jvmilazz\Documents\ASU\CSE 470 - Computer Graphics\Assignment3\Assignment3\Debug\link.6008.read.1.tlog
C:\Users\jvmilazz\Documents\ASU\CSE 470 - Computer Graphics\Assignment3\Assignment3\Debug\link.6008.write.1.tlog
C:\Users\jvmilazz\Documents\ASU\CSE 470 - Computer Graphics\Assignment3\Assignment3\Debug\link.6008-cvtres.read.1.tlog
C:\Users\jvmilazz\Documents\ASU\CSE 470 - Computer Graphics\Assignment3\Assignment3\Debug\link.6008-cvtres.write.1.tlog
C:\Users\jvmilazz\Documents\ASU\CSE 470 - Computer Graphics\Assignment3\Assignment3\Debug\link.6372.read.1.tlog
C:\Users\jvmilazz\Documents\ASU\CSE 470 - Computer Graphics\Assignment3\Assignment3\Debug\link.6372.write.1.tlog
C:\Users\jvmilazz\Documents\ASU\CSE 470 - Computer Graphics\Assignment3\Assignment3\Debug\link.6372-cvtres.read.1.tlog
C:\Users\jvmilazz\Documents\ASU\CSE 470 - Computer Graphics\Assignment3\Assignment3\Debug\link.6372-cvtres.write.1.tlog
C:\Users\jvmilazz\Documents\ASU\CSE 470 - Computer Graphics\Assignment3\Assignment3\Debug\link.7336.read.1.tlog
C:\Users\jvmilazz\Documents\ASU\CSE 470 - Computer Graphics\Assignment3\Assignment3\Debug\link.7336.write.1.tlog
C:\Users\jvmilazz\Documents\ASU\CSE 470 - Computer Graphics\Assignment3\Assignment3\Debug\link.7336-cvtres.read.1.tlog
C:\Users\jvmilazz\Documents\ASU\CSE 470 - Computer Graphics\Assignment3\Assignment3\Debug\link.7336-cvtres.write.1.tlog
C:\Users\jvmilazz\Documents\ASU\CSE 470 - Computer Graphics\Assignment3\Assignment3\Debug\link.7496.read.1.tlog
C:\Users\jvmilazz\Documents\ASU\CSE 470 - Computer Graphics\Assignment3\Assignment3\Debug\link.7496.write.1.tlog
C:\Users\jvmilazz\Documents\ASU\CSE 470 - Computer Graphics\Assignment3\Assignment3\Debug\link.7496-cvtres.read.1.tlog
C:\Users\jvmilazz\Documents\ASU\CSE 470 - Computer Graphics\Assignment3\Assignment3\Debug\link.7496-cvtres.write.1.tlog
C:\Users\jvmilazz\Documents\ASU\CSE 470 - Computer Graphics\Assignment3\Assignment3\Debug\link.command.1.tlog
C:\Users\jvmilazz\Documents\ASU\CSE 470 - Computer Graphics\Assignment3\Assignment3\Debug\link.read.1.tlog
C:\Users\jvmilazz\Documents\ASU\CSE 470 - Computer Graphics\Assignment3\Assignment3\Debug\link.write.1.tlog
C:\Users\jvmilazz\Documents\ASU\CSE 470 - Computer Graphics\Assignment3\Assignment3\Debug\link-cvtres.read.1.tlog
C:\Users\jvmilazz\Documents\ASU\CSE 470 - Computer Graphics\Assignment3\Assignment3\Debug\link-cvtres.write.1.tlog
C:\USERS\JVMILAZZ\DOCUMENTS\ASU\CSE 470 - COMPUTER GRAPHICS\ASSIGNMENT3\ASSIGNMENT3\DEBUG\LOADER.OBJ
C:\USERS\JVMILAZZ\DOCUMENTS\ASU\CSE 470 - COMPUTER GRAPHICS\ASSIGNMENT3\ASSIGNMENT3\DEBUG\MAIN.OBJ
C:\USERS\JVMILAZZ\DOCUMENTS\ASU\CSE 470 - COMPUTER GRAPHICS\ASSIGNMENT3\ASSIGNMENT3\DEBUG\MESH.OBJ
C:\USERS\JVMILAZZ\DOCUMENTS\ASU\CSE 470 - COMPUTER GRAPHICS\ASSIGNMENT3\ASSIGNMENT3\DEBUG\MESHVIEWER.OBJ
C:\USERS\JVMILAZZ\DOCUMENTS\ASU\CSE 470 - COMPUTER GRAPHICS\ASSIGNMENT3\ASSIGNMENT3\DEBUG\MOON.OBJ
C:\Users\jvmilazz\Documents\ASU\CSE 470 - Computer Graphics\Assignment3\Assignment3\Debug\mt.command.1.tlog
C:\Users\jvmilazz\Documents\ASU\CSE 470 - Computer Graphics\Assignment3\Assignment3\Debug\mt.read.1.tlog
C:\Users\jvmilazz\Documents\ASU\CSE 470 - Computer Graphics\Assignment3\Assignment3\Debug\mt.write.1.tlog
C:\Users\jvmilazz\Documents\ASU\CSE 470 - Computer Graphics\Assignment3\Assignment3\Debug\rc.command.1.tlog
C:\Users\jvmilazz\Documents\ASU\CSE 470 - Computer Graphics\Assignment3\Assignment3\Debug\rc.read.1.tlog
C:\Users\jvmilazz\Documents\ASU\CSE 470 - Computer Graphics\Assignment3\Assignment3\Debug\rc.write.1.tlog
C:\Users\jvmilazz\Documents\ASU\CSE 470 - Computer Graphics\Assignment3\Assignment3\Debug\vc100.idb
C:\USERS\JVMILAZZ\DOCUMENTS\ASU\CSE 470 - COMPUTER GRAPHICS\ASSIGNMENT3\ASSIGNMENT3\DEBUG\VC100.PDB
C:\USERS\JVMILAZZ\DOCUMENTS\ASU\CSE 470 - COMPUTER GRAPHICS\ASSIGNMENT3\ASSIGNMENT3\DEBUG\WALL.OBJ
C:\USERS\JVMILAZZ\DOCUMENTS\ASU\CSE 470 - COMPUTER GRAPHICS\ASSIGNMENT3\DEBUG\ASSIGNMENT3.EXE
C:\USERS\JVMILAZZ\DOCUMENTS\ASU\CSE 470 - COMPUTER GRAPHICS\ASSIGNMENT3\DEBUG\ASSIGNMENT3.ILK
C:\USERS\JVMILAZZ\DOCUMENTS\ASU\CSE 470 - COMPUTER GRAPHICS\ASSIGNMENT3\DEBUG\ASSIGNMENT3.PDB
