Build started 10/9/2012 9:25:31 AM.
     1>Project "C:\Users\jvmilazz\Documents\ASU\CSE 470 - Computer Graphics\Assignment3\Assignment3\Assignment3.vcxproj" on node 2 (build target(s)).
     1>InitializeBuildStatus:
         Creating "Debug\Assignment3.unsuccessfulbuild" because "AlwaysCreate" was specified.
       ClCompile:
         c:\Program Files (x86)\Microsoft Visual Studio 10.0\VC\bin\CL.exe /c /I..\include\Imath /I..\include\IlmThread /I..\include\Half /I..\include\Iex /ZI /nologo /W3 /WX- /Od /Oy- /D WIN32 /D _DEBUG /D _CONSOLE /D _UNICODE /D UNICODE /Gm /EHsc /RTC1 /MDd /GS /fp:precise /Zc:wchar_t /Zc:forScope /Fo"Debug\\" /Fd"Debug\vc100.pdb" /Gd /TP /analyze- /errorReport:prompt basics.cpp
         basics.cpp
     1>c:\users\jvmilazz\documents\asu\cse 470 - computer graphics\assignment3\assignment3\basics.cpp(701): warning C4101: 'z' : unreferenced local variable
       ManifestResourceCompile:
         All outputs are up-to-date.
       Link:
         c:\Program Files (x86)\Microsoft Visual Studio 10.0\VC\bin\link.exe /ERRORREPORT:PROMPT /OUT:"C:\Users\jvmilazz\Documents\ASU\CSE 470 - Computer Graphics\Assignment3\Debug\Assignment3.exe" /INCREMENTAL /NOLOGO /LIBPATH:../lib/ glut32.lib ../lib/IlmBase/lib/Half.lib ../lib/IlmBase/lib/Iex.lib ../lib/IlmBase/lib/IlmThread.lib ../lib/IlmBase/lib/Imath.lib kernel32.lib user32.lib gdi32.lib winspool.lib comdlg32.lib advapi32.lib shell32.lib ole32.lib oleaut32.lib uuid.lib odbc32.lib odbccp32.lib /MANIFEST /ManifestFile:"Debug\Assignment3.exe.intermediate.manifest" /MANIFESTUAC:"level='asInvoker' uiAccess='false'" /DEBUG /PDB:"C:\Users\jvmilazz\Documents\ASU\CSE 470 - Computer Graphics\Assignment3\Debug\Assignment3.pdb" /SUBSYSTEM:CONSOLE /TLBID:1 /DYNAMICBASE /NXCOMPAT /IMPLIB:"C:\Users\jvmilazz\Documents\ASU\CSE 470 - Computer Graphics\Assignment3\Debug\Assignment3.lib" /MACHINE:X86 Debug\Assignment3.exe.embed.manifest.res
         Debug\basics.obj
         Debug\Cannon.obj
         Debug\drawing_funcs.obj
         Debug\Entity.obj
         Debug\loader.obj
       Manifest:
         C:\Program Files (x86)\Microsoft SDKs\Windows\v7.0A\bin\mt.exe /nologo /verbose /out:"Debug\Assignment3.exe.embed.manifest" /manifest Debug\Assignment3.exe.intermediate.manifest
         All outputs are up-to-date.
       LinkEmbedManifest:
         All outputs are up-to-date.
         Assignment3.vcxproj -> C:\Users\jvmilazz\Documents\ASU\CSE 470 - Computer Graphics\Assignment3\Debug\Assignment3.exe
       FinalizeBuildStatus:
         Deleting file "Debug\Assignment3.unsuccessfulbuild".
         Touching "Debug\Assignment3.lastbuildstate".
     1>Done Building Project "C:\Users\jvmilazz\Documents\ASU\CSE 470 - Computer Graphics\Assignment3\Assignment3\Assignment3.vcxproj" (build target(s)).

Build succeeded.

Time Elapsed 00:00:01.41
