Build started 9/29/2012 2:33:24 PM.
     1>Project "C:\Users\Joseph\Desktop\Assignment2\Assignment2\Assignment2.vcxproj" on node 2 (build target(s)).
     1>InitializeBuildStatus:
         Creating "Debug\Assignment2.unsuccessfulbuild" because "AlwaysCreate" was specified.
       ClCompile:
         D:\Program Files (x86)\Microsoft Visual Studio 10.0\VC\bin\CL.exe /c /ZI /nologo /W3 /WX- /Od /Oy- /D WIN32 /D _DEBUG /D _CONSOLE /D _UNICODE /D UNICODE /Gm /EHsc /RTC1 /MDd /GS /fp:precise /Zc:wchar_t /Zc:forScope /Fo"Debug\\" /Fd"Debug\vc100.pdb" /Gd /TP /analyze- /errorReport:prompt basics.cpp
         basics.cpp
     1>c:\users\joseph\desktop\assignment2\assignment2\basics.cpp(378): warning C4996: 'sprintf': This function or variable may be unsafe. Consider using sprintf_s instead. To disable deprecation, use _CRT_SECURE_NO_WARNINGS. See online help for details.
                 d:\program files (x86)\microsoft visual studio 10.0\vc\include\stdio.h(371) : see declaration of 'sprintf'
     1>c:\users\joseph\desktop\assignment2\assignment2\basics.cpp(382): warning C4996: 'sprintf': This function or variable may be unsafe. Consider using sprintf_s instead. To disable deprecation, use _CRT_SECURE_NO_WARNINGS. See online help for details.
                 d:\program files (x86)\microsoft visual studio 10.0\vc\include\stdio.h(371) : see declaration of 'sprintf'
     1>c:\users\joseph\desktop\assignment2\assignment2\basics.cpp(419): warning C4018: '<' : signed/unsigned mismatch
     1>c:\users\joseph\desktop\assignment2\assignment2\basics.cpp(441): warning C4018: '<' : signed/unsigned mismatch
     1>c:\users\joseph\desktop\assignment2\assignment2\basics.cpp(483): warning C4018: '<' : signed/unsigned mismatch
     1>c:\users\joseph\desktop\assignment2\assignment2\basics.cpp(498): warning C4018: '<' : signed/unsigned mismatch
     1>c:\users\joseph\desktop\assignment2\assignment2\basics.cpp(506): warning C4018: '<' : signed/unsigned mismatch
     1>c:\users\joseph\desktop\assignment2\assignment2\basics.cpp(564): warning C4018: '<' : signed/unsigned mismatch
     1>c:\users\joseph\desktop\assignment2\assignment2\basics.cpp(646): warning C4018: '<' : signed/unsigned mismatch
     1>c:\users\joseph\desktop\assignment2\assignment2\basics.cpp(685): warning C4018: '<' : signed/unsigned mismatch
       ManifestResourceCompile:
         All outputs are up-to-date.
       Link:
         D:\Program Files (x86)\Microsoft Visual Studio 10.0\VC\bin\link.exe /ERRORREPORT:PROMPT /OUT:"C:\Users\Joseph\Desktop\Assignment2\Debug\Assignment2.exe" /INCREMENTAL /NOLOGO glut32.lib kernel32.lib user32.lib gdi32.lib winspool.lib comdlg32.lib advapi32.lib shell32.lib ole32.lib oleaut32.lib uuid.lib odbc32.lib odbccp32.lib /MANIFEST /ManifestFile:"Debug\Assignment2.exe.intermediate.manifest" /MANIFESTUAC:"level='asInvoker' uiAccess='false'" /DEBUG /PDB:"C:\Users\Joseph\Desktop\Assignment2\Debug\Assignment2.pdb" /SUBSYSTEM:CONSOLE /TLBID:1 /DYNAMICBASE /NXCOMPAT /IMPLIB:"C:\Users\Joseph\Desktop\Assignment2\Debug\Assignment2.lib" /MACHINE:X86 Debug\Assignment2.exe.embed.manifest.res
         Debug\basics.obj
         Debug\Bullet.obj
         Debug\Cannon.obj
         Debug\Enemy.obj
         Debug\Entity.obj
         Debug\Moon.obj
         Debug\Planet.obj
         Debug\Timer.obj
         Debug\Wall.obj
       Manifest:
         C:\Program Files (x86)\Microsoft SDKs\Windows\v7.0A\bin\mt.exe /nologo /verbose /out:"Debug\Assignment2.exe.embed.manifest" /manifest Debug\Assignment2.exe.intermediate.manifest
         All outputs are up-to-date.
       LinkEmbedManifest:
         All outputs are up-to-date.
         Assignment2.vcxproj -> C:\Users\Joseph\Desktop\Assignment2\Debug\Assignment2.exe
       FinalizeBuildStatus:
         Deleting file "Debug\Assignment2.unsuccessfulbuild".
         Touching "Debug\Assignment2.lastbuildstate".
     1>Done Building Project "C:\Users\Joseph\Desktop\Assignment2\Assignment2\Assignment2.vcxproj" (build target(s)).

Build succeeded.

Time Elapsed 00:00:01.45
