Build started 9/29/2012 2:35:51 PM.
     1>Project "C:\Users\Joseph\Desktop\Assignment2\Assignment2\Assignment2.vcxproj" on node 2 (build target(s)).
     1>PrepareForBuild:
         Creating directory "C:\Users\Joseph\Desktop\Assignment2\Release\".
       InitializeBuildStatus:
         Creating "Release\Assignment2.unsuccessfulbuild" because "AlwaysCreate" was specified.
       ClCompile:
         D:\Program Files (x86)\Microsoft Visual Studio 10.0\VC\bin\CL.exe /c /Zi /nologo /W3 /WX- /O2 /Oi /Oy- /GL /D WIN32 /D NDEBUG /D _CONSOLE /D _UNICODE /D UNICODE /Gm- /EHsc /MD /GS /Gy /fp:precise /Zc:wchar_t /Zc:forScope /Fo"Release\\" /Fd"Release\vc100.pdb" /Gd /TP /analyze- /errorReport:prompt basics.cpp Bullet.cpp Cannon.cpp Enemy.cpp Entity.cpp Moon.cpp Planet.cpp Timer.cpp Wall.cpp
         basics.cpp
     1>basics.cpp(378): warning C4996: 'sprintf': This function or variable may be unsafe. Consider using sprintf_s instead. To disable deprecation, use _CRT_SECURE_NO_WARNINGS. See online help for details.
                 D:\Program Files (x86)\Microsoft Visual Studio 10.0\VC\include\stdio.h(371) : see declaration of 'sprintf'
     1>basics.cpp(382): warning C4996: 'sprintf': This function or variable may be unsafe. Consider using sprintf_s instead. To disable deprecation, use _CRT_SECURE_NO_WARNINGS. See online help for details.
                 D:\Program Files (x86)\Microsoft Visual Studio 10.0\VC\include\stdio.h(371) : see declaration of 'sprintf'
     1>basics.cpp(419): warning C4018: '<' : signed/unsigned mismatch
     1>basics.cpp(441): warning C4018: '<' : signed/unsigned mismatch
     1>basics.cpp(483): warning C4018: '<' : signed/unsigned mismatch
     1>basics.cpp(498): warning C4018: '<' : signed/unsigned mismatch
     1>basics.cpp(506): warning C4018: '<' : signed/unsigned mismatch
     1>basics.cpp(564): warning C4018: '<' : signed/unsigned mismatch
     1>basics.cpp(649): warning C4018: '<' : signed/unsigned mismatch
     1>basics.cpp(690): warning C4018: '<' : signed/unsigned mismatch
         Bullet.cpp
         Cannon.cpp
     1>Cannon.cpp(62): warning C4018: '<' : signed/unsigned mismatch
     1>Cannon.cpp(82): warning C4018: '<' : signed/unsigned mismatch
     1>Cannon.cpp(106): warning C4018: '<' : signed/unsigned mismatch
     1>Cannon.cpp(142): warning C4018: '<' : signed/unsigned mismatch
     1>Cannon.cpp(173): warning C4018: '<' : signed/unsigned mismatch
         Enemy.cpp
         Entity.cpp
         Moon.cpp
         Planet.cpp
         Timer.cpp
         Wall.cpp
       Link:
         D:\Program Files (x86)\Microsoft Visual Studio 10.0\VC\bin\link.exe /ERRORREPORT:PROMPT /OUT:"C:\Users\Joseph\Desktop\Assignment2\Release\Assignment2.exe" /INCREMENTAL:NO /NOLOGO kernel32.lib user32.lib gdi32.lib winspool.lib comdlg32.lib advapi32.lib shell32.lib ole32.lib oleaut32.lib uuid.lib odbc32.lib odbccp32.lib /MANIFEST /ManifestFile:"Release\Assignment2.exe.intermediate.manifest" /MANIFESTUAC:"level='asInvoker' uiAccess='false'" /DEBUG /PDB:"C:\Users\Joseph\Desktop\Assignment2\Release\Assignment2.pdb" /SUBSYSTEM:CONSOLE /OPT:REF /OPT:ICF /LTCG /TLBID:1 /DYNAMICBASE /NXCOMPAT /IMPLIB:"C:\Users\Joseph\Desktop\Assignment2\Release\Assignment2.lib" /MACHINE:X86 Release\basics.obj
         Release\Bullet.obj
         Release\Cannon.obj
         Release\Enemy.obj
         Release\Entity.obj
         Release\Moon.obj
         Release\Planet.obj
         Release\Timer.obj
         Release\Wall.obj
         Generating code
         Finished generating code
         Assignment2.vcxproj -> C:\Users\Joseph\Desktop\Assignment2\Release\Assignment2.exe
       Manifest:
         C:\Program Files (x86)\Microsoft SDKs\Windows\v7.0A\bin\mt.exe /nologo /verbose /outputresource:"C:\Users\Joseph\Desktop\Assignment2\Release\Assignment2.exe;#1" /manifest Release\Assignment2.exe.intermediate.manifest
       FinalizeBuildStatus:
         Deleting file "Release\Assignment2.unsuccessfulbuild".
         Touching "Release\Assignment2.lastbuildstate".
     1>Done Building Project "C:\Users\Joseph\Desktop\Assignment2\Assignment2\Assignment2.vcxproj" (build target(s)).

Build succeeded.

Time Elapsed 00:00:03.88
