Build started 8/29/2012 4:57:21 PM.
     1>Project "C:\Users\jvmilazz\Documents\ASU\CSE 470 - Computer Graphics\Assignment 0\assignment0\assignment0\assignment0.vcxproj" on node 2 (build target(s)).
     1>InitializeBuildStatus:
         Creating "Debug\assignment0.unsuccessfulbuild" because "AlwaysCreate" was specified.
       ClCompile:
         c:\Program Files (x86)\Microsoft Visual Studio 10.0\VC\bin\CL.exe /c /ZI /nologo /W3 /WX- /Od /Oy- /D WIN32 /D _DEBUG /D _CONSOLE /D _UNICODE /D UNICODE /Gm /EHsc /RTC1 /MDd /GS /fp:precise /Zc:wchar_t /Zc:forScope /Fo"Debug\\" /Fd"Debug\vc100.pdb" /Gd /TC /analyze- /errorReport:prompt basics.c
         basics.c
     1>c:\users\jvmilazz\documents\asu\cse 470 - computer graphics\assignment 0\assignment0\assignment0\basics.c(138): warning C4113: 'void (__cdecl *)()' differs in parameter lists from 'void (__cdecl *)(void)'
       ManifestResourceCompile:
         All outputs are up-to-date.
       Link:
         c:\Program Files (x86)\Microsoft Visual Studio 10.0\VC\bin\link.exe /ERRORREPORT:PROMPT /OUT:"C:\Users\jvmilazz\Documents\ASU\CSE 470 - Computer Graphics\Assignment 0\assignment0\Debug\assignment0.exe" /INCREMENTAL /NOLOGO glut32.lib kernel32.lib user32.lib gdi32.lib winspool.lib comdlg32.lib advapi32.lib shell32.lib ole32.lib oleaut32.lib uuid.lib odbc32.lib odbccp32.lib /MANIFEST /ManifestFile:"Debug\assignment0.exe.intermediate.manifest" /MANIFESTUAC:"level='asInvoker' uiAccess='false'" /DEBUG /PDB:"C:\Users\jvmilazz\Documents\ASU\CSE 470 - Computer Graphics\Assignment 0\assignment0\Debug\assignment0.pdb" /SUBSYSTEM:CONSOLE /TLBID:1 /DYNAMICBASE /NXCOMPAT /IMPLIB:"C:\Users\jvmilazz\Documents\ASU\CSE 470 - Computer Graphics\Assignment 0\assignment0\Debug\assignment0.lib" /MACHINE:X86 Debug\assignment0.exe.embed.manifest.res
         Debug\basics.obj
       Manifest:
         C:\Program Files (x86)\Microsoft SDKs\Windows\v7.0A\bin\mt.exe /nologo /verbose /out:"Debug\assignment0.exe.embed.manifest" /manifest Debug\assignment0.exe.intermediate.manifest
         All outputs are up-to-date.
       LinkEmbedManifest:
         All outputs are up-to-date.
         assignment0.vcxproj -> C:\Users\jvmilazz\Documents\ASU\CSE 470 - Computer Graphics\Assignment 0\assignment0\Debug\assignment0.exe
       FinalizeBuildStatus:
         Deleting file "Debug\assignment0.unsuccessfulbuild".
         Touching "Debug\assignment0.lastbuildstate".
     1>Done Building Project "C:\Users\jvmilazz\Documents\ASU\CSE 470 - Computer Graphics\Assignment 0\assignment0\assignment0\assignment0.vcxproj" (build target(s)).

Build succeeded.

Time Elapsed 00:00:00.43
